<?xml version="1.0" encoding="UTF-8"?>
<testsuite xmlns:xsi="http://www.w3.org/2001/XMLSchema-instance" xsi:noNamespaceSchemaLocation="https://maven.apache.org/surefire/maven-surefire-plugin/xsd/surefire-test-report.xsd" name="com.springboot.example.store.controllers.ItemsControllerTest" time="0.511" tests="4" errors="0" skipped="4" failures="0">
  <properties>
[...]
</properties>
  <testcase name="when_getAnItemById_it_should_return_status_OK" classname="com.springboot.example.store.controllers.ItemsControllerTest" time="0">
    <skipped/>
    <system-out><![CDATA[17:14:02.498 [main] DEBUG org.springframework.test.context.junit4.SpringJUnit4ClassRunner - SpringJUnit4ClassRunner constructor called with [class com.springboot.example.store.controllers.ItemsControllerTest]
17:14:02.504 [main] DEBUG org.springframework.test.context.BootstrapUtils - Instantiating CacheAwareContextLoaderDelegate from class [org.springframework.test.context.cache.DefaultCacheAwareContextLoaderDelegate]
17:14:02.511 [main] DEBUG org.springframework.test.context.BootstrapUtils - Instantiating BootstrapContext using constructor [public org.springframework.test.context.support.DefaultBootstrapContext(java.lang.Class,org.springframework.test.context.CacheAwareContextLoaderDelegate)]
17:14:02.530 [main] DEBUG org.springframework.test.context.BootstrapUtils - Instantiating TestContextBootstrapper for test class [com.springboot.example.store.controllers.ItemsControllerTest] from class [org.springframework.boot.test.autoconfigure.web.servlet.WebMvcTestContextBootstrapper]
17:14:02.550 [main] INFO org.springframework.boot.test.autoconfigure.web.servlet.WebMvcTestContextBootstrapper - Neither @ContextConfiguration nor @ContextHierarchy found for test class [com.springboot.example.store.controllers.ItemsControllerTest], using SpringBootContextLoader
17:14:02.553 [main] DEBUG org.springframework.test.context.support.AbstractContextLoader - Did not detect default resource location for test class [com.springboot.example.store.controllers.ItemsControllerTest]: class path resource [com/springboot/example/store/controllers/ItemsControllerTest-context.xml] does not exist
17:14:02.554 [main] DEBUG org.springframework.test.context.support.AbstractContextLoader - Did not detect default resource location for test class [com.springboot.example.store.controllers.ItemsControllerTest]: class path resource [com/springboot/example/store/controllers/ItemsControllerTestContext.groovy] does not exist
17:14:02.554 [main] INFO org.springframework.test.context.support.AbstractContextLoader - Could not detect default resource locations for test class [com.springboot.example.store.controllers.ItemsControllerTest]: no resource found for suffixes {-context.xml, Context.groovy}.
17:14:02.555 [main] INFO org.springframework.test.context.support.AnnotationConfigContextLoaderUtils - Could not detect default configuration classes for test class [com.springboot.example.store.controllers.ItemsControllerTest]: ItemsControllerTest does not declare any static, non-private, non-final, nested classes annotated with @Configuration.
17:14:02.629 [main] DEBUG org.springframework.test.context.support.ActiveProfilesUtils - Could not find an 'annotation declaring class' for annotation type [org.springframework.test.context.ActiveProfiles] and class [com.springboot.example.store.controllers.ItemsControllerTest]
17:14:02.636 [main] DEBUG org.springframework.core.env.StandardEnvironment - Adding PropertySource 'systemProperties' with lowest search precedence
17:14:02.636 [main] DEBUG org.springframework.core.env.StandardEnvironment - Adding PropertySource 'systemEnvironment' with lowest search precedence
17:14:02.637 [main] DEBUG org.springframework.core.env.StandardEnvironment - Initialized StandardEnvironment with PropertySources [MapPropertySource@889729797 {name='systemProperties', properties={java.runtime.name=Java(TM) SE Runtime Environment, sun.boot.library.path=/Library/Java/JavaVirtualMachines/jdk1.8.0_211.jdk/Contents/Home/jre/lib, java.vm.version=25.211-b12, gopherProxySet=false, java.vm.vendor=Oracle Corporation, java.vendor.url=http://java.oracle.com/, path.separator=:, java.vm.name=Java HotSpot(TM) 64-Bit Server VM, file.encoding.pkg=sun.io, user.country=IN, sun.java.launcher=SUN_STANDARD, sun.os.patch.level=unknown, java.vm.specification.name=Java Virtual Machine Specification, user.dir=/Users/tejashripathrikar/Documents/TP/TP/Projects/sample, java.runtime.version=1.8.0_211-b12, basedir=/Users/tejashripathrikar/Documents/TP/TP/Projects/sample, java.awt.graphicsenv=sun.awt.CGraphicsEnvironment, java.endorsed.dirs=/Library/Java/JavaVirtualMachines/jdk1.8.0_211.jdk/Contents/Home/jre/lib/endorsed, os.arch=x86_64, surefire.real.class.path=/Users/tejashripathrikar/Documents/TP/TP/Projects/sample/target/surefire/surefirebooter740229688122626714.jar, java.io.tmpdir=/var/folders/dq/sl5r624117qgczgbfm4mw9pm0000gn/T/, line.separator=
, java.vm.specification.vendor=Oracle Corporation, os.name=Mac OS X, sun.jnu.encoding=UTF-8, java.library.path=/Users/tejashripathrikar/Library/Java/Extensions:/Library/Java/Extensions:/Network/Library/Java/Extensions:/System/Library/Java/Extensions:/usr/lib/java:., surefire.test.class.path=/Users/tejashripathrikar/Documents/TP/TP/Projects/sample/target/test-classes:/Users/tejashripathrikar/Documents/TP/TP/Projects/sample/target/classes:/Users/tejashripathrikar/.m2/repository/org/springframework/boot/spring-boot-starter-web/2.0.1.RELEASE/spring-boot-starter-web-2.0.1.RELEASE.jar:/Users/tejashripathrikar/.m2/repository/org/springframework/boot/spring-boot-starter/2.0.1.RELEASE/spring-boot-starter-2.0.1.RELEASE.jar:/Users/tejashripathrikar/.m2/repository/org/springframework/boot/spring-boot-starter-logging/2.0.1.RELEASE/spring-boot-starter-logging-2.0.1.RELEASE.jar:/Users/tejashripathrikar/.m2/repository/ch/qos/logback/logback-classic/1.2.3/logback-classic-1.2.3.jar:/Users/tejashripathrikar/.m2/repository/ch/qos/logback/logback-core/1.2.3/logback-core-1.2.3.jar:/Users/tejashripathrikar/.m2/repository/org/apache/logging/log4j/log4j-to-slf4j/2.10.0/log4j-to-slf4j-2.10.0.jar:/Users/tejashripathrikar/.m2/repository/org/apache/logging/log4j/log4j-api/2.10.0/log4j-api-2.10.0.jar:/Users/tejashripathrikar/.m2/repository/org/slf4j/jul-to-slf4j/1.7.25/jul-to-slf4j-1.7.25.jar:/Users/tejashripathrikar/.m2/repository/javax/annotation/javax.annotation-api/1.3.2/javax.annotation-api-1.3.2.jar:/Users/tejashripathrikar/.m2/repository/org/yaml/snakeyaml/1.19/snakeyaml-1.19.jar:/Users/tejashripathrikar/.m2/repository/org/springframework/boot/spring-boot-starter-json/2.0.1.RELEASE/spring-boot-starter-json-2.0.1.RELEASE.jar:/Users/tejashripathrikar/.m2/repository/com/fasterxml/jackson/core/jackson-databind/2.9.5/jackson-databind-2.9.5.jar:/Users/tejashripathrikar/.m2/repository/com/fasterxml/jackson/core/jackson-annotations/2.9.0/jackson-annotations-2.9.0.jar:/Users/tejashripathrikar/.m2/repository/com/fasterxml/jackson/core/jackson-core/2.9.5/jackson-core-2.9.5.jar:/Users/tejashripathrikar/.m2/repository/com/fasterxml/jackson/datatype/jackson-datatype-jdk8/2.9.5/jackson-datatype-jdk8-2.9.5.jar:/Users/tejashripathrikar/.m2/repository/com/fasterxml/jackson/datatype/jackson-datatype-jsr310/2.9.5/jackson-datatype-jsr310-2.9.5.jar:/Users/tejashripathrikar/.m2/repository/com/fasterxml/jackson/module/jackson-module-parameter-names/2.9.5/jackson-module-parameter-names-2.9.5.jar:/Users/tejashripathrikar/.m2/repository/org/springframework/boot/spring-boot-starter-tomcat/2.0.1.RELEASE/spring-boot-starter-tomcat-2.0.1.RELEASE.jar:/Users/tejashripathrikar/.m2/repository/org/apache/tomcat/embed/tomcat-embed-core/8.5.29/tomcat-embed-core-8.5.29.jar:/Users/tejashripathrikar/.m2/repository/org/apache/tomcat/embed/tomcat-embed-el/8.5.29/tomcat-embed-el-8.5.29.jar:/Users/tejashripathrikar/.m2/repository/org/apache/tomcat/embed/tomcat-embed-websocket/8.5.29/tomcat-embed-websocket-8.5.29.jar:/Users/tejashripathrikar/.m2/repository/org/hibernate/validator/hibernate-validator/6.0.9.Final/hibernate-validator-6.0.9.Final.jar:/Users/tejashripathrikar/.m2/repository/javax/validation/validation-api/2.0.1.Final/validation-api-2.0.1.Final.jar:/Users/tejashripathrikar/.m2/repository/org/jboss/logging/jboss-logging/3.3.2.Final/jboss-logging-3.3.2.Final.jar:/Users/tejashripathrikar/.m2/repository/com/fasterxml/classmate/1.3.4/classmate-1.3.4.jar:/Users/tejashripathrikar/.m2/repository/org/springframework/spring-web/5.0.5.RELEASE/spring-web-5.0.5.RELEASE.jar:/Users/tejashripathrikar/.m2/repository/org/springframework/spring-beans/5.0.5.RELEASE/spring-beans-5.0.5.RELEASE.jar:/Users/tejashripathrikar/.m2/repository/org/springframework/spring-webmvc/5.0.5.RELEASE/spring-webmvc-5.0.5.RELEASE.jar:/Users/tejashripathrikar/.m2/repository/org/springframework/spring-context/5.0.5.RELEASE/spring-context-5.0.5.RELEASE.jar:/Users/tejashripathrikar/.m2/repository/org/springframework/spring-expression/5.0.5.RELEASE/spring-expression-5.0.5.RELEASE.jar:/Users/tejashripathrikar/.m2/repository/org/springframework/boot/spring-boot-starter-test/2.0.1.RELEASE/spring-boot-starter-test-2.0.1.RELEASE.jar:/Users/tejashripathrikar/.m2/repository/org/springframework/boot/spring-boot-test/2.0.1.RELEASE/spring-boot-test-2.0.1.RELEASE.jar:/Users/tejashripathrikar/.m2/repository/org/springframework/boot/spring-boot-test-autoconfigure/2.0.1.RELEASE/spring-boot-test-autoconfigure-2.0.1.RELEASE.jar:/Users/tejashripathrikar/.m2/repository/com/jayway/jsonpath/json-path/2.4.0/json-path-2.4.0.jar:/Users/tejashripathrikar/.m2/repository/net/minidev/json-smart/2.3/json-smart-2.3.jar:/Users/tejashripathrikar/.m2/repository/net/minidev/accessors-smart/1.2/accessors-smart-1.2.jar:/Users/tejashripathrikar/.m2/repository/org/ow2/asm/asm/5.0.4/asm-5.0.4.jar:/Users/tejashripathrikar/.m2/repository/org/slf4j/slf4j-api/1.7.25/slf4j-api-1.7.25.jar:/Users/tejashripathrikar/.m2/repository/org/assertj/assertj-core/3.9.1/assertj-core-3.9.1.jar:/Users/tejashripathrikar/.m2/repository/org/mockito/mockito-core/2.15.0/mockito-core-2.15.0.jar:/Users/tejashripathrikar/.m2/repository/net/bytebuddy/byte-buddy/1.7.11/byte-buddy-1.7.11.jar:/Users/tejashripathrikar/.m2/repository/net/bytebuddy/byte-buddy-agent/1.7.11/byte-buddy-agent-1.7.11.jar:/Users/tejashripathrikar/.m2/repository/org/objenesis/objenesis/2.6/objenesis-2.6.jar:/Users/tejashripathrikar/.m2/repository/org/hamcrest/hamcrest-core/1.3/hamcrest-core-1.3.jar:/Users/tejashripathrikar/.m2/repository/org/hamcrest/hamcrest-library/1.3/hamcrest-library-1.3.jar:/Users/tejashripathrikar/.m2/repository/org/skyscreamer/jsonassert/1.5.0/jsonassert-1.5.0.jar:/Users/tejashripathrikar/.m2/repository/com/vaadin/external/google/android-json/0.0.20131108.vaadin1/android-json-0.0.20131108.vaadin1.jar:/Users/tejashripathrikar/.m2/repository/org/springframework/spring-core/5.0.5.RELEASE/spring-core-5.0.5.RELEASE.jar:/Users/tejashripathrikar/.m2/repository/org/springframework/spring-jcl/5.0.5.RELEASE/spring-jcl-5.0.5.RELEASE.jar:/Users/tejashripathrikar/.m2/repository/org/springframework/spring-test/5.0.5.RELEASE/spring-test-5.0.5.RELEASE.jar:/Users/tejashripathrikar/.m2/repository/org/xmlunit/xmlunit-core/2.5.1/xmlunit-core-2.5.1.jar:/Users/tejashripathrikar/.m2/repository/org/springframework/boot/spring-boot-devtools/2.0.1.RELEASE/spring-boot-devtools-2.0.1.RELEASE.jar:/Users/tejashripathrikar/.m2/repository/org/springframework/boot/spring-boot/2.0.1.RELEASE/spring-boot-2.0.1.RELEASE.jar:/Users/tejashripathrikar/.m2/repository/org/springframework/boot/spring-boot-autoconfigure/2.0.1.RELEASE/spring-boot-autoconfigure-2.0.1.RELEASE.jar:/Users/tejashripathrikar/.m2/repository/org/springframework/boot/spring-boot-starter-data-jpa/2.0.1.RELEASE/spring-boot-starter-data-jpa-2.0.1.RELEASE.jar:/Users/tejashripathrikar/.m2/repository/org/springframework/boot/spring-boot-starter-aop/2.0.1.RELEASE/spring-boot-starter-aop-2.0.1.RELEASE.jar:/Users/tejashripathrikar/.m2/repository/org/aspectj/aspectjweaver/1.8.13/aspectjweaver-1.8.13.jar:/Users/tejashripathrikar/.m2/repository/org/springframework/boot/spring-boot-starter-jdbc/2.0.1.RELEASE/spring-boot-starter-jdbc-2.0.1.RELEASE.jar:/Users/tejashripathrikar/.m2/repository/com/zaxxer/HikariCP/2.7.8/HikariCP-2.7.8.jar:/Users/tejashripathrikar/.m2/repository/org/springframework/spring-jdbc/5.0.5.RELEASE/spring-jdbc-5.0.5.RELEASE.jar:/Users/tejashripathrikar/.m2/repository/org/hibernate/hibernate-core/5.2.16.Final/hibernate-core-5.2.16.Final.jar:/Users/tejashripathrikar/.m2/repository/org/hibernate/javax/persistence/hibernate-jpa-2.1-api/1.0.0.Final/hibernate-jpa-2.1-api-1.0.0.Final.jar:/Users/tejashripathrikar/.m2/repository/org/javassist/javassist/3.22.0-GA/javassist-3.22.0-GA.jar:/Users/tejashripathrikar/.m2/repository/antlr/antlr/2.7.7/antlr-2.7.7.jar:/Users/tejashripathrikar/.m2/repository/org/jboss/jandex/2.0.3.Final/jandex-2.0.3.Final.jar:/Users/tejashripathrikar/.m2/repository/dom4j/dom4j/1.6.1/dom4j-1.6.1.jar:/Users/tejashripathrikar/.m2/repository/org/hibernate/common/hibernate-commons-annotations/5.0.1.Final/hibernate-commons-annotations-5.0.1.Final.jar:/Users/tejashripathrikar/.m2/repository/javax/transaction/javax.transaction-api/1.2/javax.transaction-api-1.2.jar:/Users/tejashripathrikar/.m2/repository/org/springframework/data/spring-data-jpa/2.0.6.RELEASE/spring-data-jpa-2.0.6.RELEASE.jar:/Users/tejashripathrikar/.m2/repository/org/springframework/data/spring-data-commons/2.0.6.RELEASE/spring-data-commons-2.0.6.RELEASE.jar:/Users/tejashripathrikar/.m2/repository/org/springframework/spring-orm/5.0.5.RELEASE/spring-orm-5.0.5.RELEASE.jar:/Users/tejashripathrikar/.m2/repository/org/springframework/spring-tx/5.0.5.RELEASE/spring-tx-5.0.5.RELEASE.jar:/Users/tejashripathrikar/.m2/repository/org/springframework/spring-aspects/5.0.5.RELEASE/spring-aspects-5.0.5.RELEASE.jar:/Users/tejashripathrikar/.m2/repository/org/springframework/boot/spring-boot-starter-security/2.1.4.RELEASE/spring-boot-starter-security-2.1.4.RELEASE.jar:/Users/tejashripathrikar/.m2/repository/org/springframework/spring-aop/5.0.5.RELEASE/spring-aop-5.0.5.RELEASE.jar:/Users/tejashripathrikar/.m2/repository/org/springframework/security/spring-security-config/5.0.4.RELEASE/spring-security-config-5.0.4.RELEASE.jar:/Users/tejashripathrikar/.m2/repository/org/springframework/security/spring-security-core/5.0.4.RELEASE/spring-security-core-5.0.4.RELEASE.jar:/Users/tejashripathrikar/.m2/repository/org/springframework/security/spring-security-web/5.0.4.RELEASE/spring-security-web-5.0.4.RELEASE.jar:/Users/tejashripathrikar/.m2/repository/org/springframework/boot/spring-boot-starter-actuator/2.0.1.RELEASE/spring-boot-starter-actuator-2.0.1.RELEASE.jar:/Users/tejashripathrikar/.m2/repository/org/springframework/boot/spring-boot-actuator-autoconfigure/2.0.1.RELEASE/spring-boot-actuator-autoconfigure-2.0.1.RELEASE.jar:/Users/tejashripathrikar/.m2/repository/org/springframework/boot/spring-boot-actuator/2.0.1.RELEASE/spring-boot-actuator-2.0.1.RELEASE.jar:/Users/tejashripathrikar/.m2/repository/io/micrometer/micrometer-core/1.0.3/micrometer-core-1.0.3.jar:/Users/tejashripathrikar/.m2/repository/org/hdrhistogram/HdrHistogram/2.1.10/HdrHistogram-2.1.10.jar:/Users/tejashripathrikar/.m2/repository/org/latencyutils/LatencyUtils/2.0.3/LatencyUtils-2.0.3.jar:/Users/tejashripathrikar/.m2/repository/com/h2database/h2/1.4.197/h2-1.4.197.jar:/Users/tejashripathrikar/.m2/repository/org/projectlombok/lombok/1.16.8/lombok-1.16.8.jar:/Users/tejashripathrikar/.m2/repository/junit/junit/4.12/junit-4.12.jar:, java.specification.name=Java Platform API Specification, java.class.version=52.0, sun.management.compiler=HotSpot 64-Bit Tiered Compilers, os.version=10.13.6, http.nonProxyHosts=local|*.local|169.254/16|*.169.254/16, user.home=/Users/tejashripathrikar, user.timezone=Asia/Kolkata, java.awt.printerjob=sun.lwawt.macosx.CPrinterJob, file.encoding=UTF-8, java.specification.version=1.8, java.class.path=/Users/tejashripathrikar/Documents/TP/TP/Projects/sample/target/test-classes:/Users/tejashripathrikar/Documents/TP/TP/Projects/sample/target/classes:/Users/tejashripathrikar/.m2/repository/org/springframework/boot/spring-boot-starter-web/2.0.1.RELEASE/spring-boot-starter-web-2.0.1.RELEASE.jar:/Users/tejashripathrikar/.m2/repository/org/springframework/boot/spring-boot-starter/2.0.1.RELEASE/spring-boot-starter-2.0.1.RELEASE.jar:/Users/tejashripathrikar/.m2/repository/org/springframework/boot/spring-boot-starter-logging/2.0.1.RELEASE/spring-boot-starter-logging-2.0.1.RELEASE.jar:/Users/tejashripathrikar/.m2/repository/ch/qos/logback/logback-classic/1.2.3/logback-classic-1.2.3.jar:/Users/tejashripathrikar/.m2/repository/ch/qos/logback/logback-core/1.2.3/logback-core-1.2.3.jar:/Users/tejashripathrikar/.m2/repository/org/apache/logging/log4j/log4j-to-slf4j/2.10.0/log4j-to-slf4j-2.10.0.jar:/Users/tejashripathrikar/.m2/repository/org/apache/logging/log4j/log4j-api/2.10.0/log4j-api-2.10.0.jar:/Users/tejashripathrikar/.m2/repository/org/slf4j/jul-to-slf4j/1.7.25/jul-to-slf4j-1.7.25.jar:/Users/tejashripathrikar/.m2/repository/javax/annotation/javax.annotation-api/1.3.2/javax.annotation-api-1.3.2.jar:/Users/tejashripathrikar/.m2/repository/org/yaml/snakeyaml/1.19/snakeyaml-1.19.jar:/Users/tejashripathrikar/.m2/repository/org/springframework/boot/spring-boot-starter-json/2.0.1.RELEASE/spring-boot-starter-json-2.0.1.RELEASE.jar:/Users/tejashripathrikar/.m2/repository/com/fasterxml/jackson/core/jackson-databind/2.9.5/jackson-databind-2.9.5.jar:/Users/tejashripathrikar/.m2/repository/com/fasterxml/jackson/core/jackson-annotations/2.9.0/jackson-annotations-2.9.0.jar:/Users/tejashripathrikar/.m2/repository/com/fasterxml/jackson/core/jackson-core/2.9.5/jackson-core-2.9.5.jar:/Users/tejashripathrikar/.m2/repository/com/fasterxml/jackson/datatype/jackson-datatype-jdk8/2.9.5/jackson-datatype-jdk8-2.9.5.jar:/Users/tejashripathrikar/.m2/repository/com/fasterxml/jackson/datatype/jackson-datatype-jsr310/2.9.5/jackson-datatype-jsr310-2.9.5.jar:/Users/tejashripathrikar/.m2/repository/com/fasterxml/jackson/module/jackson-module-parameter-names/2.9.5/jackson-module-parameter-names-2.9.5.jar:/Users/tejashripathrikar/.m2/repository/org/springframework/boot/spring-boot-starter-tomcat/2.0.1.RELEASE/spring-boot-starter-tomcat-2.0.1.RELEASE.jar:/Users/tejashripathrikar/.m2/repository/org/apache/tomcat/embed/tomcat-embed-core/8.5.29/tomcat-embed-core-8.5.29.jar:/Users/tejashripathrikar/.m2/repository/org/apache/tomcat/embed/tomcat-embed-el/8.5.29/tomcat-embed-el-8.5.29.jar:/Users/tejashripathrikar/.m2/repository/org/apache/tomcat/embed/tomcat-embed-websocket/8.5.29/tomcat-embed-websocket-8.5.29.jar:/Users/tejashripathrikar/.m2/repository/org/hibernate/validator/hibernate-validator/6.0.9.Final/hibernate-validator-6.0.9.Final.jar:/Users/tejashripathrikar/.m2/repository/javax/validation/validation-api/2.0.1.Final/validation-api-2.0.1.Final.jar:/Users/tejashripathrikar/.m2/repository/org/jboss/logging/jboss-logging/3.3.2.Final/jboss-logging-3.3.2.Final.jar:/Users/tejashripathrikar/.m2/repository/com/fasterxml/classmate/1.3.4/classmate-1.3.4.jar:/Users/tejashripathrikar/.m2/repository/org/springframework/spring-web/5.0.5.RELEASE/spring-web-5.0.5.RELEASE.jar:/Users/tejashripathrikar/.m2/repository/org/springframework/spring-beans/5.0.5.RELEASE/spring-beans-5.0.5.RELEASE.jar:/Users/tejashripathrikar/.m2/repository/org/springframework/spring-webmvc/5.0.5.RELEASE/spring-webmvc-5.0.5.RELEASE.jar:/Users/tejashripathrikar/.m2/repository/org/springframework/spring-context/5.0.5.RELEASE/spring-context-5.0.5.RELEASE.jar:/Users/tejashripathrikar/.m2/repository/org/springframework/spring-expression/5.0.5.RELEASE/spring-expression-5.0.5.RELEASE.jar:/Users/tejashripathrikar/.m2/repository/org/springframework/boot/spring-boot-starter-test/2.0.1.RELEASE/spring-boot-starter-test-2.0.1.RELEASE.jar:/Users/tejashripathrikar/.m2/repository/org/springframework/boot/spring-boot-test/2.0.1.RELEASE/spring-boot-test-2.0.1.RELEASE.jar:/Users/tejashripathrikar/.m2/repository/org/springframework/boot/spring-boot-test-autoconfigure/2.0.1.RELEASE/spring-boot-test-autoconfigure-2.0.1.RELEASE.jar:/Users/tejashripathrikar/.m2/repository/com/jayway/jsonpath/json-path/2.4.0/json-path-2.4.0.jar:/Users/tejashripathrikar/.m2/repository/net/minidev/json-smart/2.3/json-smart-2.3.jar:/Users/tejashripathrikar/.m2/repository/net/minidev/accessors-smart/1.2/accessors-smart-1.2.jar:/Users/tejashripathrikar/.m2/repository/org/ow2/asm/asm/5.0.4/asm-5.0.4.jar:/Users/tejashripathrikar/.m2/repository/org/slf4j/slf4j-api/1.7.25/slf4j-api-1.7.25.jar:/Users/tejashripathrikar/.m2/repository/org/assertj/assertj-core/3.9.1/assertj-core-3.9.1.jar:/Users/tejashripathrikar/.m2/repository/org/mockito/mockito-core/2.15.0/mockito-core-2.15.0.jar:/Users/tejashripathrikar/.m2/repository/net/bytebuddy/byte-buddy/1.7.11/byte-buddy-1.7.11.jar:/Users/tejashripathrikar/.m2/repository/net/bytebuddy/byte-buddy-agent/1.7.11/byte-buddy-agent-1.7.11.jar:/Users/tejashripathrikar/.m2/repository/org/objenesis/objenesis/2.6/objenesis-2.6.jar:/Users/tejashripathrikar/.m2/repository/org/hamcrest/hamcrest-core/1.3/hamcrest-core-1.3.jar:/Users/tejashripathrikar/.m2/repository/org/hamcrest/hamcrest-library/1.3/hamcrest-library-1.3.jar:/Users/tejashripathrikar/.m2/repository/org/skyscreamer/jsonassert/1.5.0/jsonassert-1.5.0.jar:/Users/tejashripathrikar/.m2/repository/com/vaadin/external/google/android-json/0.0.20131108.vaadin1/android-json-0.0.20131108.vaadin1.jar:/Users/tejashripathrikar/.m2/repository/org/springframework/spring-core/5.0.5.RELEASE/spring-core-5.0.5.RELEASE.jar:/Users/tejashripathrikar/.m2/repository/org/springframework/spring-jcl/5.0.5.RELEASE/spring-jcl-5.0.5.RELEASE.jar:/Users/tejashripathrikar/.m2/repository/org/springframework/spring-test/5.0.5.RELEASE/spring-test-5.0.5.RELEASE.jar:/Users/tejashripathrikar/.m2/repository/org/xmlunit/xmlunit-core/2.5.1/xmlunit-core-2.5.1.jar:/Users/tejashripathrikar/.m2/repository/org/springframework/boot/spring-boot-devtools/2.0.1.RELEASE/spring-boot-devtools-2.0.1.RELEASE.jar:/Users/tejashripathrikar/.m2/repository/org/springframework/boot/spring-boot/2.0.1.RELEASE/spring-boot-2.0.1.RELEASE.jar:/Users/tejashripathrikar/.m2/repository/org/springframework/boot/spring-boot-autoconfigure/2.0.1.RELEASE/spring-boot-autoconfigure-2.0.1.RELEASE.jar:/Users/tejashripathrikar/.m2/repository/org/springframework/boot/spring-boot-starter-data-jpa/2.0.1.RELEASE/spring-boot-starter-data-jpa-2.0.1.RELEASE.jar:/Users/tejashripathrikar/.m2/repository/org/springframework/boot/spring-boot-starter-aop/2.0.1.RELEASE/spring-boot-starter-aop-2.0.1.RELEASE.jar:/Users/tejashripathrikar/.m2/repository/org/aspectj/aspectjweaver/1.8.13/aspectjweaver-1.8.13.jar:/Users/tejashripathrikar/.m2/repository/org/springframework/boot/spring-boot-starter-jdbc/2.0.1.RELEASE/spring-boot-starter-jdbc-2.0.1.RELEASE.jar:/Users/tejashripathrikar/.m2/repository/com/zaxxer/HikariCP/2.7.8/HikariCP-2.7.8.jar:/Users/tejashripathrikar/.m2/repository/org/springframework/spring-jdbc/5.0.5.RELEASE/spring-jdbc-5.0.5.RELEASE.jar:/Users/tejashripathrikar/.m2/repository/org/hibernate/hibernate-core/5.2.16.Final/hibernate-core-5.2.16.Final.jar:/Users/tejashripathrikar/.m2/repository/org/hibernate/javax/persistence/hibernate-jpa-2.1-api/1.0.0.Final/hibernate-jpa-2.1-api-1.0.0.Final.jar:/Users/tejashripathrikar/.m2/repository/org/javassist/javassist/3.22.0-GA/javassist-3.22.0-GA.jar:/Users/tejashripathrikar/.m2/repository/antlr/antlr/2.7.7/antlr-2.7.7.jar:/Users/tejashripathrikar/.m2/repository/org/jboss/jandex/2.0.3.Final/jandex-2.0.3.Final.jar:/Users/tejashripathrikar/.m2/repository/dom4j/dom4j/1.6.1/dom4j-1.6.1.jar:/Users/tejashripathrikar/.m2/repository/org/hibernate/common/hibernate-commons-annotations/5.0.1.Final/hibernate-commons-annotations-5.0.1.Final.jar:/Users/tejashripathrikar/.m2/repository/javax/transaction/javax.transaction-api/1.2/javax.transaction-api-1.2.jar:/Users/tejashripathrikar/.m2/repository/org/springframework/data/spring-data-jpa/2.0.6.RELEASE/spring-data-jpa-2.0.6.RELEASE.jar:/Users/tejashripathrikar/.m2/repository/org/springframework/data/spring-data-commons/2.0.6.RELEASE/spring-data-commons-2.0.6.RELEASE.jar:/Users/tejashripathrikar/.m2/repository/org/springframework/spring-orm/5.0.5.RELEASE/spring-orm-5.0.5.RELEASE.jar:/Users/tejashripathrikar/.m2/repository/org/springframework/spring-tx/5.0.5.RELEASE/spring-tx-5.0.5.RELEASE.jar:/Users/tejashripathrikar/.m2/repository/org/springframework/spring-aspects/5.0.5.RELEASE/spring-aspects-5.0.5.RELEASE.jar:/Users/tejashripathrikar/.m2/repository/org/springframework/boot/spring-boot-starter-security/2.1.4.RELEASE/spring-boot-starter-security-2.1.4.RELEASE.jar:/Users/tejashripathrikar/.m2/repository/org/springframework/spring-aop/5.0.5.RELEASE/spring-aop-5.0.5.RELEASE.jar:/Users/tejashripathrikar/.m2/repository/org/springframework/security/spring-security-config/5.0.4.RELEASE/spring-security-config-5.0.4.RELEASE.jar:/Users/tejashripathrikar/.m2/repository/org/springframework/security/spring-security-core/5.0.4.RELEASE/spring-security-core-5.0.4.RELEASE.jar:/Users/tejashripathrikar/.m2/repository/org/springframework/security/spring-security-web/5.0.4.RELEASE/spring-security-web-5.0.4.RELEASE.jar:/Users/tejashripathrikar/.m2/repository/org/springframework/boot/spring-boot-starter-actuator/2.0.1.RELEASE/spring-boot-starter-actuator-2.0.1.RELEASE.jar:/Users/tejashripathrikar/.m2/repository/org/springframework/boot/spring-boot-actuator-autoconfigure/2.0.1.RELEASE/spring-boot-actuator-autoconfigure-2.0.1.RELEASE.jar:/Users/tejashripathrikar/.m2/repository/org/springframework/boot/spring-boot-actuator/2.0.1.RELEASE/spring-boot-actuator-2.0.1.RELEASE.jar:/Users/tejashripathrikar/.m2/repository/io/micrometer/micrometer-core/1.0.3/micrometer-core-1.0.3.jar:/Users/tejashripathrikar/.m2/repository/org/hdrhistogram/HdrHistogram/2.1.10/HdrHistogram-2.1.10.jar:/Users/tejashripathrikar/.m2/repository/org/latencyutils/LatencyUtils/2.0.3/LatencyUtils-2.0.3.jar:/Users/tejashripathrikar/.m2/repository/com/h2database/h2/1.4.197/h2-1.4.197.jar:/Users/tejashripathrikar/.m2/repository/org/projectlombok/lombok/1.16.8/lombok-1.16.8.jar:/Users/tejashripathrikar/.m2/repository/junit/junit/4.12/junit-4.12.jar:, user.name=tejashripathrikar, java.vm.specification.version=1.8, sun.java.command=/Users/tejashripathrikar/Documents/TP/TP/Projects/sample/target/surefire/surefirebooter740229688122626714.jar /Users/tejashripathrikar/Documents/TP/TP/Projects/sample/target/surefire 2019-05-07T17-14-01_823-jvmRun1 surefire7564702548586084993tmp surefire_02815978319286346055tmp, java.home=/Library/Java/JavaVirtualMachines/jdk1.8.0_211.jdk/Contents/Home/jre, sun.arch.data.model=64, user.language=en, java.specification.vendor=Oracle Corporation, awt.toolkit=sun.lwawt.macosx.LWCToolkit, java.vm.info=mixed mode, java.version=1.8.0_211, java.ext.dirs=/Users/tejashripathrikar/Library/Java/Extensions:/Library/Java/JavaVirtualMachines/jdk1.8.0_211.jdk/Contents/Home/jre/lib/ext:/Library/Java/Extensions:/Network/Library/Java/Extensions:/System/Library/Java/Extensions:/usr/lib/java, sun.boot.class.path=/Library/Java/JavaVirtualMachines/jdk1.8.0_211.jdk/Contents/Home/jre/lib/resources.jar:/Library/Java/JavaVirtualMachines/jdk1.8.0_211.jdk/Contents/Home/jre/lib/rt.jar:/Library/Java/JavaVirtualMachines/jdk1.8.0_211.jdk/Contents/Home/jre/lib/sunrsasign.jar:/Library/Java/JavaVirtualMachines/jdk1.8.0_211.jdk/Contents/Home/jre/lib/jsse.jar:/Library/Java/JavaVirtualMachines/jdk1.8.0_211.jdk/Contents/Home/jre/lib/jce.jar:/Library/Java/JavaVirtualMachines/jdk1.8.0_211.jdk/Contents/Home/jre/lib/charsets.jar:/Library/Java/JavaVirtualMachines/jdk1.8.0_211.jdk/Contents/Home/jre/lib/jfr.jar:/Library/Java/JavaVirtualMachines/jdk1.8.0_211.jdk/Contents/Home/jre/classes, java.vendor=Oracle Corporation, localRepository=/Users/tejashripathrikar/.m2/repository, file.separator=/, java.vendor.url.bug=http://bugreport.sun.com/bugreport/, sun.io.unicode.encoding=UnicodeBig, sun.cpu.endian=little, socksNonProxyHosts=local|*.local|169.254/16|*.169.254/16, ftp.nonProxyHosts=local|*.local|169.254/16|*.169.254/16, sun.cpu.isalist=}}, SystemEnvironmentPropertySource@148912029 {name='systemEnvironment', properties={PATH=/usr/local/bin:/usr/bin:/bin:/usr/sbin:/sbin, JAVA_MAIN_CLASS_10010=org.codehaus.plexus.classworlds.launcher.Launcher, JAVA_HOME=/Library/Java/JavaVirtualMachines/jdk1.8.0_211.jdk/Contents/Home, TERM=xterm-256color, ITERM_SESSION_ID=w0t2p0:415E9FE6-20DB-4DFB-9438-2E12DD8A573F, COLORTERM=truecolor, LOGNAME=tejashripathrikar, XPC_SERVICE_NAME=0, PWD=/Users/tejashripathrikar/Documents/TP/TP/Projects/sample, TERM_PROGRAM_VERSION=3.2.9, MAVEN_CMD_LINE_ARGS= package, _=/Library/Java/JavaVirtualMachines/jdk1.8.0_211.jdk/Contents/Home/jre/bin/java, SHELL=/bin/zsh, TERM_PROGRAM=iTerm.app, PAGER=less, LSCOLORS=Gxfxcxdxbxegedabagacad, MAVEN_PROJECTBASEDIR=/Users/tejashripathrikar/Documents/TP/TP/Projects/sample, OLDPWD=/Users/tejashripathrikar/Documents/TP/TP/Projects/sample, USER=tejashripathrikar, ZSH=/Users/tejashripathrikar/.oh-my-zsh, ITERM_PROFILE=Default, TMPDIR=/var/folders/dq/sl5r624117qgczgbfm4mw9pm0000gn/T/, SSH_AUTH_SOCK=/private/tmp/com.apple.launchd.4Ga17bHRHb/Listeners, XPC_FLAGS=0x0, TERM_SESSION_ID=w0t2p0:415E9FE6-20DB-4DFB-9438-2E12DD8A573F, __CF_USER_TEXT_ENCODING=0x1F5:0x0:0x0, Apple_PubSub_Socket_Render=/private/tmp/com.apple.launchd.A6V9k3HpJd/Render, LESS=-R, LC_CTYPE=UTF-8, COLORFGBG=7;0, HOME=/Users/tejashripathrikar, SHLVL=2, JAVA_MAIN_CLASS_10031=org.apache.maven.surefire.booter.ForkedBooter}}]
17:14:02.651 [main] DEBUG org.springframework.core.io.support.PathMatchingResourcePatternResolver - Resolved classpath location [com/springboot/example/store/controllers/] to resources [URL [file:/Users/tejashripathrikar/Documents/TP/TP/Projects/sample/target/test-classes/com/springboot/example/store/controllers/], URL [file:/Users/tejashripathrikar/Documents/TP/TP/Projects/sample/target/classes/com/springboot/example/store/controllers/]]
17:14:02.651 [main] DEBUG org.springframework.core.io.support.PathMatchingResourcePatternResolver - Looking for matching resources in directory tree [/Users/tejashripathrikar/Documents/TP/TP/Projects/sample/target/test-classes/com/springboot/example/store/controllers]
17:14:02.651 [main] DEBUG org.springframework.core.io.support.PathMatchingResourcePatternResolver - Searching directory [/Users/tejashripathrikar/Documents/TP/TP/Projects/sample/target/test-classes/com/springboot/example/store/controllers] for files matching pattern [/Users/tejashripathrikar/Documents/TP/TP/Projects/sample/target/test-classes/com/springboot/example/store/controllers/*.class]
17:14:02.655 [main] DEBUG org.springframework.core.io.support.PathMatchingResourcePatternResolver - Looking for matching resources in directory tree [/Users/tejashripathrikar/Documents/TP/TP/Projects/sample/target/classes/com/springboot/example/store/controllers]
17:14:02.655 [main] DEBUG org.springframework.core.io.support.PathMatchingResourcePatternResolver - Searching directory [/Users/tejashripathrikar/Documents/TP/TP/Projects/sample/target/classes/com/springboot/example/store/controllers] for files matching pattern [/Users/tejashripathrikar/Documents/TP/TP/Projects/sample/target/classes/com/springboot/example/store/controllers/*.class]
17:14:02.656 [main] DEBUG org.springframework.core.io.support.PathMatchingResourcePatternResolver - Resolved location pattern [classpath*:com/springboot/example/store/controllers/*.class] to resources [file [/Users/tejashripathrikar/Documents/TP/TP/Projects/sample/target/test-classes/com/springboot/example/store/controllers/AbstractTest.class], file [/Users/tejashripathrikar/Documents/TP/TP/Projects/sample/target/test-classes/com/springboot/example/store/controllers/ItemsControllerTest.class], file [/Users/tejashripathrikar/Documents/TP/TP/Projects/sample/target/classes/com/springboot/example/store/controllers/CartController.class], file [/Users/tejashripathrikar/Documents/TP/TP/Projects/sample/target/classes/com/springboot/example/store/controllers/ItemsController.class]]
17:14:02.721 [main] DEBUG org.springframework.core.io.support.PathMatchingResourcePatternResolver - Resolved classpath location [com/springboot/example/store/] to resources [URL [file:/Users/tejashripathrikar/Documents/TP/TP/Projects/sample/target/test-classes/com/springboot/example/store/], URL [file:/Users/tejashripathrikar/Documents/TP/TP/Projects/sample/target/classes/com/springboot/example/store/]]
17:14:02.721 [main] DEBUG org.springframework.core.io.support.PathMatchingResourcePatternResolver - Looking for matching resources in directory tree [/Users/tejashripathrikar/Documents/TP/TP/Projects/sample/target/test-classes/com/springboot/example/store]
17:14:02.721 [main] DEBUG org.springframework.core.io.support.PathMatchingResourcePatternResolver - Searching directory [/Users/tejashripathrikar/Documents/TP/TP/Projects/sample/target/test-classes/com/springboot/example/store] for files matching pattern [/Users/tejashripathrikar/Documents/TP/TP/Projects/sample/target/test-classes/com/springboot/example/store/*.class]
17:14:02.722 [main] DEBUG org.springframework.core.io.support.PathMatchingResourcePatternResolver - Looking for matching resources in directory tree [/Users/tejashripathrikar/Documents/TP/TP/Projects/sample/target/classes/com/springboot/example/store]
17:14:02.722 [main] DEBUG org.springframework.core.io.support.PathMatchingResourcePatternResolver - Searching directory [/Users/tejashripathrikar/Documents/TP/TP/Projects/sample/target/classes/com/springboot/example/store] for files matching pattern [/Users/tejashripathrikar/Documents/TP/TP/Projects/sample/target/classes/com/springboot/example/store/*.class]
17:14:02.723 [main] DEBUG org.springframework.core.io.support.PathMatchingResourcePatternResolver - Resolved location pattern [classpath*:com/springboot/example/store/*.class] to resources [file [/Users/tejashripathrikar/Documents/TP/TP/Projects/sample/target/classes/com/springboot/example/store/Application.class]]
17:14:02.744 [main] DEBUG org.springframework.context.annotation.ClassPathScanningCandidateComponentProvider - Identified candidate component class: file [/Users/tejashripathrikar/Documents/TP/TP/Projects/sample/target/classes/com/springboot/example/store/Application.class]
17:14:02.744 [main] INFO org.springframework.boot.test.context.SpringBootTestContextBootstrapper - Found @SpringBootConfiguration com.springboot.example.store.Application for test class com.springboot.example.store.controllers.ItemsControllerTest
17:14:02.747 [main] DEBUG org.springframework.boot.test.autoconfigure.web.servlet.WebMvcTestContextBootstrapper - @TestExecutionListeners is not present for class [com.springboot.example.store.controllers.ItemsControllerTest]: using defaults.
17:14:02.748 [main] INFO org.springframework.boot.test.autoconfigure.web.servlet.WebMvcTestContextBootstrapper - Loaded default TestExecutionListener class names from location [META-INF/spring.factories]: [org.springframework.boot.test.mock.mockito.MockitoTestExecutionListener, org.springframework.boot.test.mock.mockito.ResetMocksTestExecutionListener, org.springframework.boot.test.autoconfigure.restdocs.RestDocsTestExecutionListener, org.springframework.boot.test.autoconfigure.web.client.MockRestServiceServerResetTestExecutionListener, org.springframework.boot.test.autoconfigure.web.servlet.MockMvcPrintOnlyOnFailureTestExecutionListener, org.springframework.boot.test.autoconfigure.web.servlet.WebDriverTestExecutionListener, org.springframework.test.context.web.ServletTestExecutionListener, org.springframework.test.context.support.DirtiesContextBeforeModesTestExecutionListener, org.springframework.test.context.support.DependencyInjectionTestExecutionListener, org.springframework.test.context.support.DirtiesContextTestExecutionListener, org.springframework.test.context.transaction.TransactionalTestExecutionListener, org.springframework.test.context.jdbc.SqlScriptsTestExecutionListener]
17:14:02.771 [main] INFO org.springframework.boot.test.autoconfigure.web.servlet.WebMvcTestContextBootstrapper - Using TestExecutionListeners: [org.springframework.test.context.web.ServletTestExecutionListener@654f0d9c, org.springframework.test.context.support.DirtiesContextBeforeModesTestExecutionListener@6a400542, org.springframework.boot.test.mock.mockito.MockitoTestExecutionListener@6580cfdd, org.springframework.boot.test.autoconfigure.SpringBootDependencyInjectionTestExecutionListener@7e0b85f9, org.springframework.test.context.support.DirtiesContextTestExecutionListener@63355449, org.springframework.test.context.transaction.TransactionalTestExecutionListener@9353778, org.springframework.test.context.jdbc.SqlScriptsTestExecutionListener@6a28ffa4, org.springframework.boot.test.mock.mockito.ResetMocksTestExecutionListener@48ae9b55, org.springframework.boot.test.autoconfigure.restdocs.RestDocsTestExecutionListener@1700915, org.springframework.boot.test.autoconfigure.web.client.MockRestServiceServerResetTestExecutionListener@21de60b4, org.springframework.boot.test.autoconfigure.web.servlet.MockMvcPrintOnlyOnFailureTestExecutionListener@c267ef4, org.springframework.boot.test.autoconfigure.web.servlet.WebDriverTestExecutionListener@30ee2816]
17:14:02.773 [main] DEBUG org.springframework.test.annotation.ProfileValueUtils - Retrieved @ProfileValueSourceConfiguration [null] for test class [com.springboot.example.store.controllers.ItemsControllerTest]
17:14:02.773 [main] DEBUG org.springframework.test.annotation.ProfileValueUtils - Retrieved ProfileValueSource type [class org.springframework.test.annotation.SystemProfileValueSource] for class [com.springboot.example.store.controllers.ItemsControllerTest]
17:14:02.776 [main] DEBUG org.springframework.test.annotation.ProfileValueUtils - Retrieved @ProfileValueSourceConfiguration [null] for test class [com.springboot.example.store.controllers.ItemsControllerTest]
17:14:02.776 [main] DEBUG org.springframework.test.annotation.ProfileValueUtils - Retrieved ProfileValueSource type [class org.springframework.test.annotation.SystemProfileValueSource] for class [com.springboot.example.store.controllers.ItemsControllerTest]
17:14:02.778 [main] DEBUG org.springframework.test.annotation.ProfileValueUtils - Retrieved @ProfileValueSourceConfiguration [null] for test class [com.springboot.example.store.controllers.ItemsControllerTest]
17:14:02.778 [main] DEBUG org.springframework.test.annotation.ProfileValueUtils - Retrieved ProfileValueSource type [class org.springframework.test.annotation.SystemProfileValueSource] for class [com.springboot.example.store.controllers.ItemsControllerTest]
]]></system-out>
  </testcase>
  <testcase name="when_addItemToStore_it_should_return_status_Created" classname="com.springboot.example.store.controllers.ItemsControllerTest" time="0">
    <skipped/>
  </testcase>
  <testcase name="when_getAllItem_it_should_return_status_OK" classname="com.springboot.example.store.controllers.ItemsControllerTest" time="0">
    <skipped/>
  </testcase>
  <testcase name="when_deleteItemInStore_it_should_return_No_Content" classname="com.springboot.example.store.controllers.ItemsControllerTest" time="0">
    <skipped/>
  </testcase>
</testsuite>